[INFO] [2022-06-23 23:15:56,395]: Unable to delete hosts file, it either does not exist, has the wrong privileges or path: /root/.ssh/known_hosts 
[INFO] [2022-06-23 23:15:56,395]: __________[[Currently on run number: 1]]__________ 
[ERROR] [2022-06-23 23:16:26,426]: ERROR! SSH timed out. Here is what SSH said: 
[INFO] [2022-06-23 23:16:26,428]: b'' 
[INFO] [2022-06-23 23:16:26,429]: <class 'pexpect.exceptions.TIMEOUT'> 
[INFO] [2022-06-23 23:16:27,231]: Unable to login, will try again in one minute. 
[INFO] [2022-06-23 23:17:27,289]: __________[[Currently on run number: 2]]__________ 
[ERROR] [2022-06-23 23:17:57,322]: ERROR! SSH timed out. Here is what SSH said: 
[INFO] [2022-06-23 23:17:57,323]: b'' 
[INFO] [2022-06-23 23:17:57,323]: <class 'pexpect.exceptions.TIMEOUT'> 
[INFO] [2022-06-23 23:17:58,125]: Unable to login, will try again in one minute. 
[INFO] [2022-06-23 23:18:58,186]: __________[[Currently on run number: 3]]__________ 
[ERROR] [2022-06-23 23:19:28,219]: ERROR! SSH timed out. Here is what SSH said: 
[INFO] [2022-06-23 23:19:28,219]: b'' 
[INFO] [2022-06-23 23:19:28,219]: <class 'pexpect.exceptions.TIMEOUT'> 
[INFO] [2022-06-23 23:19:29,022]: Unable to login, will try again in one minute. 
[INFO] [2022-06-23 23:20:29,065]: __________[[Currently on run number: 4]]__________ 
[ERROR] [2022-06-23 23:20:59,098]: ERROR! SSH timed out. Here is what SSH said: 
[INFO] [2022-06-23 23:20:59,099]: b'' 
[INFO] [2022-06-23 23:20:59,100]: <class 'pexpect.exceptions.TIMEOUT'> 
[INFO] [2022-06-23 23:20:59,902]: Unable to login, will try again in one minute. 
[INFO] [2022-06-23 23:21:59,909]: __________[[Currently on run number: 5]]__________ 
[ERROR] [2022-06-23 23:22:29,946]: ERROR! SSH timed out. Here is what SSH said: 
[INFO] [2022-06-23 23:22:29,946]: b'' 
[INFO] [2022-06-23 23:22:29,946]: <class 'pexpect.exceptions.TIMEOUT'> 
[INFO] [2022-06-23 23:22:30,748]: Unable to login, will try again in one minute. 
[INFO] [2022-06-23 23:23:30,798]: __________[[Currently on run number: 6]]__________ 
[ERROR] [2022-06-23 23:24:00,828]: ERROR! SSH timed out. Here is what SSH said: 
[INFO] [2022-06-23 23:24:00,829]: b'' 
[INFO] [2022-06-23 23:24:00,829]: <class 'pexpect.exceptions.TIMEOUT'> 
[INFO] [2022-06-23 23:24:01,631]: Unable to login, will try again in one minute. 
[INFO] [2022-06-23 23:25:01,637]: __________[[Currently on run number: 7]]__________ 
[ERROR] [2022-06-23 23:25:31,671]: ERROR! SSH timed out. Here is what SSH said: 
[INFO] [2022-06-23 23:25:31,672]: b'' 
[INFO] [2022-06-23 23:25:31,672]: <class 'pexpect.exceptions.TIMEOUT'> 
[INFO] [2022-06-23 23:25:32,474]: Unable to login, will try again in one minute. 
[INFO] [2022-06-23 23:26:32,534]: __________[[Currently on run number: 8]]__________ 
[ERROR] [2022-06-23 23:27:02,565]: ERROR! SSH timed out. Here is what SSH said: 
[INFO] [2022-06-23 23:27:02,566]: b'' 
[INFO] [2022-06-23 23:27:02,566]: <class 'pexpect.exceptions.TIMEOUT'> 
[INFO] [2022-06-23 23:27:03,368]: Unable to login, will try again in one minute. 
[INFO] [2022-06-23 23:28:03,378]: __________[[Currently on run number: 9]]__________ 
