[INFO] [2022-06-23 23:15:55,105]: Unable to delete hosts file, it either does not exist, has the wrong privileges or path: /root/.ssh/known_hosts 
[INFO] [2022-06-23 23:15:55,105]: __________[[Currently on run number: 1]]__________ 
[ERROR] [2022-06-23 23:16:25,108]: ERROR! SSH timed out. Here is what SSH said: 
[INFO] [2022-06-23 23:16:25,109]: b'' 
[INFO] [2022-06-23 23:16:25,109]: <class 'pexpect.exceptions.TIMEOUT'> 
[INFO] [2022-06-23 23:16:25,911]: Unable to login, will try again in one minute. 
[INFO] [2022-06-23 23:17:25,934]: __________[[Currently on run number: 2]]__________ 
[ERROR] [2022-06-23 23:17:55,973]: ERROR! SSH timed out. Here is what SSH said: 
[INFO] [2022-06-23 23:17:55,974]: b'' 
[INFO] [2022-06-23 23:17:55,974]: <class 'pexpect.exceptions.TIMEOUT'> 
[INFO] [2022-06-23 23:17:56,776]: Unable to login, will try again in one minute. 
[INFO] [2022-06-23 23:18:56,837]: __________[[Currently on run number: 3]]__________ 
[ERROR] [2022-06-23 23:19:26,870]: ERROR! SSH timed out. Here is what SSH said: 
[INFO] [2022-06-23 23:19:26,870]: b'' 
[INFO] [2022-06-23 23:19:26,871]: <class 'pexpect.exceptions.TIMEOUT'> 
[INFO] [2022-06-23 23:19:27,673]: Unable to login, will try again in one minute. 
[INFO] [2022-06-23 23:20:27,733]: __________[[Currently on run number: 4]]__________ 
[ERROR] [2022-06-23 23:20:57,767]: ERROR! SSH timed out. Here is what SSH said: 
[INFO] [2022-06-23 23:20:57,767]: b'' 
[INFO] [2022-06-23 23:20:57,767]: <class 'pexpect.exceptions.TIMEOUT'> 
[INFO] [2022-06-23 23:20:58,569]: Unable to login, will try again in one minute. 
[INFO] [2022-06-23 23:21:58,590]: __________[[Currently on run number: 5]]__________ 
[ERROR] [2022-06-23 23:22:28,625]: ERROR! SSH timed out. Here is what SSH said: 
[INFO] [2022-06-23 23:22:28,626]: b'' 
[INFO] [2022-06-23 23:22:28,626]: <class 'pexpect.exceptions.TIMEOUT'> 
[INFO] [2022-06-23 23:22:29,429]: Unable to login, will try again in one minute. 
[INFO] [2022-06-23 23:23:29,489]: __________[[Currently on run number: 6]]__________ 
[ERROR] [2022-06-23 23:23:59,527]: ERROR! SSH timed out. Here is what SSH said: 
[INFO] [2022-06-23 23:23:59,527]: b'' 
[INFO] [2022-06-23 23:23:59,528]: <class 'pexpect.exceptions.TIMEOUT'> 
[INFO] [2022-06-23 23:24:00,330]: Unable to login, will try again in one minute. 
[INFO] [2022-06-23 23:25:00,390]: __________[[Currently on run number: 7]]__________ 
[ERROR] [2022-06-23 23:25:30,428]: ERROR! SSH timed out. Here is what SSH said: 
[INFO] [2022-06-23 23:25:30,429]: b'' 
[INFO] [2022-06-23 23:25:30,429]: <class 'pexpect.exceptions.TIMEOUT'> 
[INFO] [2022-06-23 23:25:31,232]: Unable to login, will try again in one minute. 
[INFO] [2022-06-23 23:26:31,292]: __________[[Currently on run number: 8]]__________ 
[ERROR] [2022-06-23 23:27:01,327]: ERROR! SSH timed out. Here is what SSH said: 
[INFO] [2022-06-23 23:27:01,328]: b'' 
[INFO] [2022-06-23 23:27:01,328]: <class 'pexpect.exceptions.TIMEOUT'> 
[INFO] [2022-06-23 23:27:02,130]: Unable to login, will try again in one minute. 
[INFO] [2022-06-23 23:28:02,148]: __________[[Currently on run number: 9]]__________ 
