All services are running
Device has the correct Version 21.1.4
Device has WAN interface in correct VRF.
Device with Serial Number JAB20054512 is completed, will stop script for 10 minutes.
Variables failed on Versa_CPE
Session has been stopped with Ctrl+C.
Variables failed on Versa_CPE
All services are running
Device has the correct Version 21.1.4
Device has WAN interface in correct VRF.
Device with Serial Number JAB20054512 is completed, will stop script for 10 minutes.
All services are running
Device has the correct Version 21.1.4
Device has WAN interface in correct VRF.
Device with Serial Number JAB20054512 is completed, will stop script for 10 minutes.
Variables failed on Versa_CPE
All services are running
Device has the correct Version 21.1.4
Device has WAN interface in correct VRF.
Device with Serial Number JAB20054512 is completed, will stop script for 10 minutes.
Variables failed on Versa_CPE
All services are running
Device has the correct Version 21.1.4
Device has WAN interface in correct VRF.
Device with Serial Number JAB20054512 is completed, will stop script for 10 minutes.
