Unable to delete hosts file, it either does not exist, has the wrong privileges or path: /root/.ssh/known_hosts
Started DIE function
ERROR!
SSH timed out. Here is what SSH said:
b''
<class 'pexpect.exceptions.TIMEOUT'>
Unable to login, will try again in one minute.
Started DIE function
ERROR!
SSH timed out. Here is what SSH said:
b''
<class 'pexpect.exceptions.TIMEOUT'>
Unable to login, will try again in one minute.
Started DIE function
ERROR!
SSH timed out. Here is what SSH said:
b''
<class 'pexpect.exceptions.TIMEOUT'>
Unable to login, will try again in one minute.
Started DIE function
ERROR!
SSH timed out. Here is what SSH said:
b''
<class 'pexpect.exceptions.TIMEOUT'>
Unable to login, will try again in one minute.
Started DIE function
ERROR!
SSH timed out. Here is what SSH said:
b''
<class 'pexpect.exceptions.TIMEOUT'>
Unable to login, will try again in one minute.
Started DIE function
ERROR!
SSH timed out. Here is what SSH said:
b''
<class 'pexpect.exceptions.TIMEOUT'>
Unable to login, will try again in one minute.
Started DIE function
ERROR!
SSH timed out. Here is what SSH said:
b''
<class 'pexpect.exceptions.TIMEOUT'>
Unable to login, will try again in one minute.
Started DIE function
ERROR!
SSH timed out. Here is what SSH said:
b''
<class 'pexpect.exceptions.TIMEOUT'>
Unable to login, will try again in one minute.
Started DIE function
ERROR!
SSH timed out. Here is what SSH said:
b''
<class 'pexpect.exceptions.TIMEOUT'>
Unable to login, will try again in one minute.
Unable to delete hosts file, it either does not exist, has the wrong privileges or path: /root/.ssh/known_hosts
Started DIE function
ERROR!
SSH timed out. Here is what SSH said:
b''
<class 'pexpect.exceptions.TIMEOUT'>
Unable to login, will try again in one minute.
Unable to delete hosts file, it either does not exist, has the wrong privileges or path: /root/.ssh/known_hosts
Started DIE function
ERROR!
SSH timed out. Here is what SSH said:
b''
<class 'pexpect.exceptions.TIMEOUT'>
Unable to login, will try again in one minute.
Started DIE function
ERROR!
SSH timed out. Here is what SSH said:
b''
<class 'pexpect.exceptions.TIMEOUT'>
Unable to login, will try again in one minute.
