[INFO] [2022-06-23 23:15:56,184]: Unable to delete hosts file, it either does not exist, has the wrong privileges or path: /root/.ssh/known_hosts 
[INFO] [2022-06-23 23:15:56,184]: __________[[Currently on run number: 1]]__________ 
[ERROR] [2022-06-23 23:16:26,215]: ERROR! SSH timed out. Here is what SSH said: 
[INFO] [2022-06-23 23:16:26,216]: b'' 
[INFO] [2022-06-23 23:16:26,217]: <class 'pexpect.exceptions.TIMEOUT'> 
[INFO] [2022-06-23 23:16:27,018]: Unable to login, will try again in one minute. 
[INFO] [2022-06-23 23:17:27,021]: __________[[Currently on run number: 2]]__________ 
[ERROR] [2022-06-23 23:17:57,057]: ERROR! SSH timed out. Here is what SSH said: 
[INFO] [2022-06-23 23:17:57,058]: b'' 
[INFO] [2022-06-23 23:17:57,058]: <class 'pexpect.exceptions.TIMEOUT'> 
[INFO] [2022-06-23 23:17:57,861]: Unable to login, will try again in one minute. 
[INFO] [2022-06-23 23:18:57,921]: __________[[Currently on run number: 3]]__________ 
[ERROR] [2022-06-23 23:19:27,957]: ERROR! SSH timed out. Here is what SSH said: 
[INFO] [2022-06-23 23:19:27,957]: b'' 
[INFO] [2022-06-23 23:19:27,957]: <class 'pexpect.exceptions.TIMEOUT'> 
[INFO] [2022-06-23 23:19:28,760]: Unable to login, will try again in one minute. 
[INFO] [2022-06-23 23:20:28,820]: __________[[Currently on run number: 4]]__________ 
[ERROR] [2022-06-23 23:20:58,853]: ERROR! SSH timed out. Here is what SSH said: 
[INFO] [2022-06-23 23:20:58,853]: b'' 
[INFO] [2022-06-23 23:20:58,853]: <class 'pexpect.exceptions.TIMEOUT'> 
[INFO] [2022-06-23 23:20:59,656]: Unable to login, will try again in one minute. 
[INFO] [2022-06-23 23:21:59,717]: __________[[Currently on run number: 5]]__________ 
[ERROR] [2022-06-23 23:22:29,753]: ERROR! SSH timed out. Here is what SSH said: 
[INFO] [2022-06-23 23:22:29,753]: b'' 
[INFO] [2022-06-23 23:22:29,753]: <class 'pexpect.exceptions.TIMEOUT'> 
[INFO] [2022-06-23 23:22:30,555]: Unable to login, will try again in one minute. 
[INFO] [2022-06-23 23:23:30,565]: __________[[Currently on run number: 6]]__________ 
[ERROR] [2022-06-23 23:24:00,599]: ERROR! SSH timed out. Here is what SSH said: 
[INFO] [2022-06-23 23:24:00,599]: b'' 
[INFO] [2022-06-23 23:24:00,600]: <class 'pexpect.exceptions.TIMEOUT'> 
[INFO] [2022-06-23 23:24:01,402]: Unable to login, will try again in one minute. 
[INFO] [2022-06-23 23:25:01,425]: __________[[Currently on run number: 7]]__________ 
[ERROR] [2022-06-23 23:25:31,437]: ERROR! SSH timed out. Here is what SSH said: 
[INFO] [2022-06-23 23:25:31,437]: b'' 
[INFO] [2022-06-23 23:25:31,437]: <class 'pexpect.exceptions.TIMEOUT'> 
[INFO] [2022-06-23 23:25:32,239]: Unable to login, will try again in one minute. 
[INFO] [2022-06-23 23:26:32,299]: __________[[Currently on run number: 8]]__________ 
[ERROR] [2022-06-23 23:27:02,326]: ERROR! SSH timed out. Here is what SSH said: 
[INFO] [2022-06-23 23:27:02,327]: b'' 
[INFO] [2022-06-23 23:27:02,327]: <class 'pexpect.exceptions.TIMEOUT'> 
[INFO] [2022-06-23 23:27:03,129]: Unable to login, will try again in one minute. 
[INFO] [2022-06-23 23:28:03,190]: __________[[Currently on run number: 9]]__________ 
