[INFO] [2022-06-23 23:15:55,525]: Unable to delete hosts file, it either does not exist, has the wrong privileges or path: /root/.ssh/known_hosts 
[INFO] [2022-06-23 23:15:55,525]: __________[[Currently on run number: 1]]__________ 
[ERROR] [2022-06-23 23:16:25,559]: ERROR! SSH timed out. Here is what SSH said: 
[INFO] [2022-06-23 23:16:25,561]: b'' 
[INFO] [2022-06-23 23:16:25,562]: <class 'pexpect.exceptions.TIMEOUT'> 
[INFO] [2022-06-23 23:16:26,364]: Unable to login, will try again in one minute. 
[INFO] [2022-06-23 23:17:26,424]: __________[[Currently on run number: 2]]__________ 
[ERROR] [2022-06-23 23:17:56,462]: ERROR! SSH timed out. Here is what SSH said: 
[INFO] [2022-06-23 23:17:56,462]: b'' 
[INFO] [2022-06-23 23:17:56,463]: <class 'pexpect.exceptions.TIMEOUT'> 
[INFO] [2022-06-23 23:17:57,265]: Unable to login, will try again in one minute. 
[INFO] [2022-06-23 23:18:57,273]: __________[[Currently on run number: 3]]__________ 
[ERROR] [2022-06-23 23:19:27,281]: ERROR! SSH timed out. Here is what SSH said: 
[INFO] [2022-06-23 23:19:27,281]: b'' 
[INFO] [2022-06-23 23:19:27,281]: <class 'pexpect.exceptions.TIMEOUT'> 
[INFO] [2022-06-23 23:19:28,083]: Unable to login, will try again in one minute. 
[INFO] [2022-06-23 23:20:28,104]: __________[[Currently on run number: 4]]__________ 
[ERROR] [2022-06-23 23:20:58,137]: ERROR! SSH timed out. Here is what SSH said: 
[INFO] [2022-06-23 23:20:58,137]: b'' 
[INFO] [2022-06-23 23:20:58,138]: <class 'pexpect.exceptions.TIMEOUT'> 
[INFO] [2022-06-23 23:20:58,939]: Unable to login, will try again in one minute. 
[INFO] [2022-06-23 23:21:59,000]: __________[[Currently on run number: 5]]__________ 
[ERROR] [2022-06-23 23:22:29,039]: ERROR! SSH timed out. Here is what SSH said: 
[INFO] [2022-06-23 23:22:29,040]: b'' 
[INFO] [2022-06-23 23:22:29,040]: <class 'pexpect.exceptions.TIMEOUT'> 
[INFO] [2022-06-23 23:22:29,842]: Unable to login, will try again in one minute. 
[INFO] [2022-06-23 23:23:29,888]: __________[[Currently on run number: 6]]__________ 
[ERROR] [2022-06-23 23:23:59,921]: ERROR! SSH timed out. Here is what SSH said: 
[INFO] [2022-06-23 23:23:59,922]: b'' 
[INFO] [2022-06-23 23:23:59,923]: <class 'pexpect.exceptions.TIMEOUT'> 
[INFO] [2022-06-23 23:24:00,725]: Unable to login, will try again in one minute. 
[INFO] [2022-06-23 23:25:00,786]: __________[[Currently on run number: 7]]__________ 
[ERROR] [2022-06-23 23:25:30,820]: ERROR! SSH timed out. Here is what SSH said: 
[INFO] [2022-06-23 23:25:30,821]: b'' 
[INFO] [2022-06-23 23:25:30,821]: <class 'pexpect.exceptions.TIMEOUT'> 
[INFO] [2022-06-23 23:25:31,623]: Unable to login, will try again in one minute. 
[INFO] [2022-06-23 23:26:31,684]: __________[[Currently on run number: 8]]__________ 
[ERROR] [2022-06-23 23:27:01,721]: ERROR! SSH timed out. Here is what SSH said: 
[INFO] [2022-06-23 23:27:01,722]: b'' 
[INFO] [2022-06-23 23:27:01,723]: <class 'pexpect.exceptions.TIMEOUT'> 
[INFO] [2022-06-23 23:27:02,526]: Unable to login, will try again in one minute. 
[INFO] [2022-06-23 23:28:02,547]: __________[[Currently on run number: 9]]__________ 
