[INFO] [2022-06-23 23:15:56,618]: Unable to delete hosts file, it either does not exist, has the wrong privileges or path: /root/.ssh/known_hosts 
[INFO] [2022-06-23 23:15:56,618]: __________[[Currently on run number: 1]]__________ 
[ERROR] [2022-06-23 23:16:26,653]: ERROR! SSH timed out. Here is what SSH said: 
[INFO] [2022-06-23 23:16:26,656]: b'' 
[INFO] [2022-06-23 23:16:26,656]: <class 'pexpect.exceptions.TIMEOUT'> 
[INFO] [2022-06-23 23:16:27,459]: Unable to login, will try again in one minute. 
[INFO] [2022-06-23 23:17:27,519]: __________[[Currently on run number: 2]]__________ 
[ERROR] [2022-06-23 23:17:57,556]: ERROR! SSH timed out. Here is what SSH said: 
[INFO] [2022-06-23 23:17:57,558]: b'' 
[INFO] [2022-06-23 23:17:57,558]: <class 'pexpect.exceptions.TIMEOUT'> 
[INFO] [2022-06-23 23:17:58,361]: Unable to login, will try again in one minute. 
[INFO] [2022-06-23 23:18:58,421]: __________[[Currently on run number: 3]]__________ 
[ERROR] [2022-06-23 23:19:28,425]: ERROR! SSH timed out. Here is what SSH said: 
[INFO] [2022-06-23 23:19:28,426]: b'' 
[INFO] [2022-06-23 23:19:28,426]: <class 'pexpect.exceptions.TIMEOUT'> 
[INFO] [2022-06-23 23:19:29,229]: Unable to login, will try again in one minute. 
[INFO] [2022-06-23 23:20:29,289]: __________[[Currently on run number: 4]]__________ 
[ERROR] [2022-06-23 23:20:59,317]: ERROR! SSH timed out. Here is what SSH said: 
[INFO] [2022-06-23 23:20:59,318]: b'' 
[INFO] [2022-06-23 23:20:59,318]: <class 'pexpect.exceptions.TIMEOUT'> 
[INFO] [2022-06-23 23:21:00,120]: Unable to login, will try again in one minute. 
[INFO] [2022-06-23 23:22:00,181]: __________[[Currently on run number: 5]]__________ 
[ERROR] [2022-06-23 23:22:30,215]: ERROR! SSH timed out. Here is what SSH said: 
[INFO] [2022-06-23 23:22:30,216]: b'' 
[INFO] [2022-06-23 23:22:30,217]: <class 'pexpect.exceptions.TIMEOUT'> 
[INFO] [2022-06-23 23:22:31,020]: Unable to login, will try again in one minute. 
[INFO] [2022-06-23 23:23:31,080]: __________[[Currently on run number: 6]]__________ 
[ERROR] [2022-06-23 23:24:01,093]: ERROR! SSH timed out. Here is what SSH said: 
[INFO] [2022-06-23 23:24:01,093]: b'' 
[INFO] [2022-06-23 23:24:01,093]: <class 'pexpect.exceptions.TIMEOUT'> 
[INFO] [2022-06-23 23:24:01,895]: Unable to login, will try again in one minute. 
[INFO] [2022-06-23 23:25:01,934]: __________[[Currently on run number: 7]]__________ 
[ERROR] [2022-06-23 23:25:31,959]: ERROR! SSH timed out. Here is what SSH said: 
[INFO] [2022-06-23 23:25:31,959]: b'' 
[INFO] [2022-06-23 23:25:31,959]: <class 'pexpect.exceptions.TIMEOUT'> 
[INFO] [2022-06-23 23:25:32,761]: Unable to login, will try again in one minute. 
[INFO] [2022-06-23 23:26:32,822]: __________[[Currently on run number: 8]]__________ 
[ERROR] [2022-06-23 23:27:02,856]: ERROR! SSH timed out. Here is what SSH said: 
[INFO] [2022-06-23 23:27:02,857]: b'' 
[INFO] [2022-06-23 23:27:02,857]: <class 'pexpect.exceptions.TIMEOUT'> 
[INFO] [2022-06-23 23:27:03,659]: Unable to login, will try again in one minute. 
[INFO] [2022-06-23 23:28:03,720]: __________[[Currently on run number: 9]]__________ 
