Start of file
 JAB20165269 
  vsh details
					
Software Details			 Hardware Details
  Package	      Versa FlexVNF sof    Hypervisor Type     baremetal
  Release	      21.1.4		   Manufacturer	       Versa Networks,
  Spack api version   11		   SKU Number	       CSG365-WLA
  Spack lib version   5			   Model	       CSG365
  OS version	      trusty		   Serial number       JAB20165269
  Release Type	      GA		   Hardware ID number  JAB20165269
  Release date	      20220420		   CPU model	       Intel(R) Atom(TM
  Package id	      eca39c5		   Number of CPUs      4
  Package name	      versa-flexvnf-202    Number of NICs      7
  Branch	      21.1.4		   Memory	       7.77GiB
  Creator	      versa		   Disk size	       59G
					   Free NICs	       0
 Security Package Details		   Free memory	       4.72GiB
   Version	       1936		   Free disk	       50G
   API Version	       11		   SSD present	       no
   Flavor	       sample		   uCPE Platform       no
   Release Date	       2022-04-14	
   Update Type	       full		---------------------------------------
					Mode: startup
 OS Security Package Details		Days elapsed: 15 (remaining: 30)
   Version	       unknown		Active
   Update Type	       unknown		
					
 Load statistics			
   CPU Load				
   Memory Load				
   Load Factor				
[admin@versa-flexvnf: ~]  
  
versa-service          is Running,          [*] process 4437
versa-infmgr           is Running,          [-] process 3015
versa-rfd              is Running,          [-] process 3283
versa-vmod             is Running,          [-] process 4130
versa-ip2user          is Running,          [-] process 3287
versa-imgr             is Running,          [-] process 3291
versa-acctmgrd         is Running,          [-] process 3278
versa-fltrmgr          is Running,          [-] process 3024
versa-vstated          is Running,          [-] process 3017
versa-addrmgrd         is Running,          [-] process 3289
versa-rt-cli-xfm       is Running,          [-] process 3258
versa-rtd              is Running,          [-] process 4149
versa-dhcpd            is Running,          [-] process 3130
versa-eventd           is Running,          [-] process 3279
versa-vrrpd            is Running,          [-] process 3020
versa-dnsd             is Running,          [-] process 3120
versa-ppmd             is Running,          [-] process 3256
versa-snmp-xform       is Running,          [-] process 3263
versa-certd            is Running,          [-] process 3977
versa-ntpd             is Running,          [*] process 3107
versa-dhclient6        is Running,          [-] process 3266
versa-redis            is Running,          [-] process 4514
versa-av-redis         is Running,          [-] process 2070
versa-spackmgr         is Running,          [-] process 3274
versa-l2ld             is Running,          [-] process 3021
versa-l2cd             is Running,          [-] process 3711
versa-devmgr           is Running,          [-] process 3473
versa-monit            is Running,          [*] process 3530
versa-confd            is Running,          [*] process 1977
versa-fail2ban         is Running,          [*] process 3723
versa-auditd           is Running,          [*] process 1646
versa-nodejs           is Running,          [-] process 3219
[admin@versa-flexvnf: ~]  
  show interfaces brief | tab | nomore
NAME         MAC                OPER  ADMIN  TENANT  VRF                        IP              
------------------------------------------------------------------------------------------------
eth-0/0      ac:43:30:00:be:d2  up    up     0       global                     10.10.10.10/8   
tvi-0/0      n/a                up    up     -       -                                          
tvi-0/0.0    n/a                up    up     1       Versa-Provider-Control-VR                  
tvi-0/1      n/a                up    up     -       -                                          
tvi-0/1.0    n/a                up    up     1       Versa-Provider-Control-VR                  
vni-0/0      ac:43:30:00:be:cd  down  up     -       -                                          
vni-0/0.1    ac:43:30:00:be:cd  down  up     1       WAN1-Transport-VR                          
vni-0/0.0    ac:43:30:00:be:cd  down  up     1       WAN1-Transport-VR                          
vni-0/1      ac:43:30:00:be:ce  down  up     -       -                                          
vni-0/1.0    ac:43:30:00:be:ce  down  up     1       global                     192.168.1.1/24  
vni-0/100    02:aa:bb:cc:dd:01  down  up     -       -                                          
vni-0/100.0  02:aa:bb:cc:dd:01  down  up     1       WAN1-Transport-VR                          
vni-0/101    02:aa:bb:cc:dd:02  down  up     -       -                                          
vni-0/101.0  02:aa:bb:cc:dd:02  down  up     1       WAN1-Transport-VR                          
vni-0/102    02:aa:bb:cc:dd:03  down  down   -       -                                          
vni-0/103    02:aa:bb:cc:dd:04  down  down   -       -                                          
vni-0/2      ac:43:30:00:be:cf  down  up     -       -                                          
vni-0/2.1    ac:43:30:00:be:cf  down  up     1       WAN1-Transport-VR                          
vni-0/2.0    ac:43:30:00:be:cf  down  up     1       WAN1-Transport-VR                          
vni-0/200    52:c6:6e:6a:6b:69  down  up     -       -                                          
vni-0/200.0  52:c6:6e:6a:6b:69  down  up     1       global                     192.168.0.1/24  
vni-0/201    6e:9a:42:f6:b9:c2  down  down   -       -                                          
vni-0/202    8e:00:3a:b3:88:14  down  down   -       -                                          
vni-0/203    c6:f6:c6:e9:92:04  down  down   -       -                                          
vni-0/204    fa:9d:e9:f0:b5:37  down  down   -       -                                          
vni-0/205    6a:7a:cf:6c:5d:2c  down  down   -       -                                          
vni-0/206    f6:79:33:44:0b:6c  down  down   -       -                                          
vni-0/207    e6:07:71:79:d4:c5  down  down   -       -                                          
vni-0/3      ac:43:30:00:be:d0  down  up     -       -                                          
vni-0/3.0    ac:43:30:00:be:d0  down  up     1       global                     192.168.2.1/24  
vni-0/4      ac:43:30:00:be:d1  down  down   -       -                                          

[ok][2022-06-25 15:56:16]
admin@versa-flexvnf-
 end of file
