Start of file
 JAB20165269 
  vsh details
					
Software Details			 Hardware Details
  Package	      Versa FlexVNF sof    Hypervisor Type     baremetal
  Release	      21.1.4		   Manufacturer	       Versa Networks,
  Spack api version   11		   SKU Number	       CSG365-WLA
  Spack lib version   5			   Model	       CSG365
  OS version	      trusty		   Serial number       JAB20165269
  Release Type	      GA		   Hardware ID number  JAB20165269
  Release date	      20220420		   CPU model	       Intel(R) Atom(TM
  Package id	      eca39c5		   Number of CPUs      4
  Package name	      versa-flexvnf-202    Number of NICs      7
  Branch	      21.1.4		   Memory	       7.77GiB
  Creator	      versa		   Disk size	       59G
					   Free NICs	       0
 Security Package Details		   Free memory	       4.32GiB
   Version	       1936		   Free disk	       50G
   API Version	       11		   SSD present	       no
   Flavor	       sample		   uCPE Platform       no
   Release Date	       2022-04-14	
   Update Type	       full		---------------------------------------
					Mode: startup
 OS Security Package Details		Days elapsed: 15 (remaining: 30)
   Version	       unknown		Active
   Update Type	       unknown		
					
 Load statistics			
   CPU Load	       2		
   Memory Load	       8		
   Load Factor	       2		
[admin@versa-flexvnf: ~]  
  
tput: unknown terminal "unknown"
versa-service          is Running,          [*] process 4419
versa-infmgr           is Running,          [-] process 2980
versa-rfd              is Running,          [-] process 3245
versa-vmod             is Running,          [-] process 3965
versa-ip2user          is Running,          [-] process 3249
versa-imgr             is Running,          [-] process 3253
versa-acctmgrd         is Running,          [-] process 3242
versa-fltrmgr          is Running,          [-] process 2985
versa-vstated          is Running,          [-] process 2979
versa-addrmgrd         is Running,          [-] process 3251
versa-rt-cli-xfm       is Running,          [-] process 3202
versa-rtd              is Running,          [-] process 4022
versa-dhcpd            is Running,          [-] process 3092
versa-eventd           is Running,          [-] process 3239
versa-vrrpd            is Running,          [-] process 2983
versa-dnsd             is Running,          [-] process 3082
versa-ppmd             is Running,          [-] process 3220
versa-snmp-xform       is Running,          [-] process 3226
versa-certd            is Running,          [-] process 3707
versa-ntpd             is Running,          [*] process 3069
versa-dhclient6        is Running,          [-] process 3228
versa-redis            is Running,          [-] process 4500
versa-av-redis         is Running,          [-] process 2283
versa-spackmgr         is Running,          [-] process 3236
versa-l2ld             is Running,          [-] process 2981
versa-l2cd             is Running,          [-] process 3672
versa-devmgr           is Running,          [-] process 3410
versa-monit            is Running,          [*] process 3504
versa-confd            is Running,          [*] process 1984
versa-fail2ban         is Running,          [*] process 3721
versa-auditd           is Running,          [*] process 1653
versa-nodejs           is Running,          [-] process 3156
[admin@versa-flexvnf: ~]  
  show interfaces brief | tab | nomore
NAME         MAC                OPER   ADMIN  TENANT  VRF                        IP              
-------------------------------------------------------------------------------------------------
eth-0/0      ac:43:30:00:be:d2  up     up     0       global                     10.10.10.10/8   
tvi-0/0      n/a                up     up     -       -                                          
tvi-0/0.0    n/a                pdown  up     1       Versa-Provider-Control-VR                  
tvi-0/1      n/a                up     up     -       -                                          
tvi-0/1.0    n/a                pdown  up     1       Versa-Provider-Control-VR                  
vni-0/0      ac:43:30:00:be:cd  down   up     -       -                                          
vni-0/0.1    ac:43:30:00:be:cd  down   up     1       WAN1-Transport-VR                          
vni-0/0.0    ac:43:30:00:be:cd  down   up     1       WAN1-Transport-VR                          
vni-0/1      ac:43:30:00:be:ce  down   up     -       -                                          
vni-0/1.0    ac:43:30:00:be:ce  down   up     1       global                     192.168.1.1/24  
vni-0/100    02:aa:bb:cc:dd:01  down   up     -       -                                          
vni-0/100.0  02:aa:bb:cc:dd:01  down   up     1       WAN1-Transport-VR                          
vni-0/101    02:aa:bb:cc:dd:02  down   up     -       -                                          
vni-0/101.0  02:aa:bb:cc:dd:02  down   up     1       WAN1-Transport-VR                          
vni-0/102    02:aa:bb:cc:dd:03  down   down   -       -                                          
vni-0/103    02:aa:bb:cc:dd:04  down   down   -       -                                          
vni-0/2      ac:43:30:00:be:cf  down   up     -       -                                          
vni-0/2.1    ac:43:30:00:be:cf  down   up     1       WAN1-Transport-VR                          
vni-0/2.0    ac:43:30:00:be:cf  down   up     1       WAN1-Transport-VR                          
vni-0/200    72:09:bf:a5:3f:ae  up     up     -       -                                          
vni-0/200.0  72:09:bf:a5:3f:ae  up     up     1       global                     192.168.0.1/24  
vni-0/201    2a:67:6a:b5:75:21  down   down   -       -                                          
vni-0/202    ca:d3:48:44:50:01  down   down   -       -                                          
vni-0/203    2e:ed:bc:ca:86:63  down   down   -       -                                          
vni-0/204    12:ed:f4:f6:61:ec  down   down   -       -                                          
vni-0/205    62:0d:4c:b4:d1:27  down   down   -       -                                          
vni-0/206    ae:94:0f:f9:51:ff  down   down   -       -                                          
vni-0/207    8e:39:2a:29:f0:ed  down   down   -       -                                          
vni-0/3      ac:43:30:00:be:d0  down   up     -       -                                          
vni-0/3.0    ac:43:30:00:be:d0  down   up     1       global                     192.168.2.1/24  
vni-0/4      ac:43:30:00:be:d1  down   down   -       -                                          

[ok][2022-06-25 17:05:54]
admin@versa-flexvnf-
 end of file
