Start of file
 JAB20054512 
  vsh details
					
Software Details			 Hardware Details
  Package	      Versa FlexVNF sof    Hypervisor Type     baremetal
  Release	      21.1.4		   Manufacturer	       Versa Networks,
  Spack api version   11		   SKU Number	       CSG750-WLA-4GP
  Spack lib version   5			   Model	       CSG750
  OS version	      trusty		   Serial number       JAB20054512
  Release Type	      GA		   Hardware ID number  JAB20054512
  Release date	      20220420		   CPU model	       Intel(R) Atom(TM
  Package id	      eca39c5		   Number of CPUs      4
  Package name	      versa-flexvnf-202    Number of NICs      11
  Branch	      21.1.4		   Memory	       7.63GiB
  Creator	      versa		   Disk size	       59G
					   Free NICs	       0
 Security Package Details		   Free memory	       4.20GiB
   Version	       1936		   Free disk	       51G
   API Version	       11		   SSD present	       yes
   Flavor	       sample		   uCPE Platform       no
   Release Date	       2022-04-14	
   Update Type	       full		---------------------------------------
					Mode: startup
 OS Security Package Details		Days elapsed: 0 (remaining: 45)
   Version	       unknown		Active
   Update Type	       unknown		
					
 Load statistics			
   CPU Load	       2		
   Memory Load	       8		
   Load Factor	       2		
[admin@versa-flexvnf: ~]  
  
tput: unknown terminal "unknown"
versa-service          is Running,          [*] process 4399
versa-infmgr           is Running,          [-] process 2794
versa-rfd              is Running,          [-] process 3264
versa-vmod             is Running,          [-] process 3660
versa-ip2user          is Running,          [-] process 3263
versa-imgr             is Running,          [-] process 3274
versa-acctmgrd         is Running,          [-] process 3258
versa-fltrmgr          is Running,          [-] process 2803
versa-vstated          is Running,          [-] process 2795
versa-addrmgrd         is Running,          [-] process 3271
versa-rt-cli-xfm       is Running,          [-] process 3230
versa-rtd              is Running,          [-] process 3881
versa-dhcpd            is Running,          [-] process 2897
versa-eventd           is Running,          [-] process 3257
versa-vrrpd            is Running,          [-] process 2799
versa-dnsd             is Running,          [-] process 2887
versa-ppmd             is Running,          [-] process 3226
versa-snmp-xform       is Running,          [-] process 3234
versa-certd            is Running,          [-] process 3595
versa-ntpd             is Running,          [*] process 2874
versa-dhclient6        is Running,          [-] process 3236
versa-redis            is Running,          [-] process 5048
versa-av-redis         is Running,          [-] process 2093
versa-spackmgr         is Running,          [-] process 3254
versa-l2ld             is Running,          [-] process 2797
versa-l2cd             is Running,          [-] process 3488
versa-devmgr           is Running,          [-] process 3459
versa-monit            is Running,          [*] process 3513
versa-confd            is Running,          [*] process 2041
versa-fail2ban         is Running,          [*] process 3835
versa-auditd           is Running,          [*] process 1702
versa-nodejs           is Running,          [-] process 3210
[admin@versa-flexvnf: ~]  
  show interfaces brief | tab | nomore
NAME         MAC                OPER   ADMIN  TENANT  VRF                        IP              
-------------------------------------------------------------------------------------------------
eth-0/0      ac:43:30:00:97:be  up     up     0       global                     10.10.10.10/8   
tvi-0/0      n/a                up     up     -       -                                          
tvi-0/0.0    n/a                pdown  up     1       Versa-Provider-Control-VR                  
tvi-0/1      n/a                up     up     -       -                                          
tvi-0/1.0    n/a                pdown  up     1       Versa-Provider-Control-VR                  
vni-0/0      ac:43:30:00:97:c5  down   up     -       -                                          
vni-0/0.1    ac:43:30:00:97:c5  down   up     1       WAN1-Transport-VR                          
vni-0/0.0    ac:43:30:00:97:c5  down   up     1       WAN1-Transport-VR                          
vni-0/1      ac:43:30:00:97:c6  down   up     -       -                                          
vni-0/1.1    ac:43:30:00:97:c6  down   up     1       WAN1-Transport-VR                          
vni-0/1.0    ac:43:30:00:97:c6  down   up     1       WAN1-Transport-VR                          
vni-0/100    02:aa:bb:cc:dd:01  down   up     -       -                                          
vni-0/100.0  02:aa:bb:cc:dd:01  down   up     1       WAN1-Transport-VR                          
vni-0/101    02:aa:bb:cc:dd:02  down   up     -       -                                          
vni-0/101.0  02:aa:bb:cc:dd:02  down   up     1       WAN1-Transport-VR                          
vni-0/102    02:aa:bb:cc:dd:03  down   down   -       -                                          
vni-0/103    02:aa:bb:cc:dd:04  down   down   -       -                                          
vni-0/2      ac:43:30:00:97:c3  down   up     -       -                                          
vni-0/2.0    ac:43:30:00:97:c3  down   up     1       global                     192.168.1.1/24  
vni-0/200    9e:64:0c:97:37:cb  up     up     -       -                                          
vni-0/200.0  9e:64:0c:97:37:cb  up     up     1       global                     192.168.0.1/24  
vni-0/201    26:41:b1:85:70:55  down   down   -       -                                          
vni-0/202    f6:72:f3:54:3a:57  down   down   -       -                                          
vni-0/203    2e:30:1a:28:cf:81  down   down   -       -                                          
vni-0/204    92:1a:6a:ec:23:38  down   down   -       -                                          
vni-0/205    86:5d:de:cd:54:3c  down   down   -       -                                          
vni-0/206    36:82:89:a2:eb:8e  down   down   -       -                                          
vni-0/207    2a:9b:dc:70:d4:5b  down   down   -       -                                          
vni-0/3      ac:43:30:00:97:c4  down   up     -       -                                          
vni-0/3.0    ac:43:30:00:97:c4  down   up     1       global                     192.168.2.1/24  
vni-0/4      ac:43:30:00:97:bd  down   up     -       -                                          
vni-0/4.1    ac:43:30:00:97:bd  down   up     1       WAN1-Transport-VR                          
vni-0/4.0    ac:43:30:00:97:bd  down   up     1       WAN1-Transport-VR                          
vni-0/6      ac:43:30:00:97:bf  down   down   -       -                                          
vni-0/7      ac:43:30:00:97:c0  down   down   -       -                                          
vni-0/8      ac:43:30:00:97:c1  down   down   -       -                                          
vni-0/9      ac:43:30:00:97:c2  down   down   -       -                                          

[ok][2022-06-25 09:55:32]
admin@versa-flexvnf-
 end of file
